[debug] [2023-05-03T15:25:05.866Z] ----------------------------------------------------------------------
[debug] [2023-05-03T15:25:05.870Z] Command:       /usr/local/bin/node /usr/local/bin/firebase init hosting:github
[debug] [2023-05-03T15:25:05.871Z] CLI Version:   11.21.0
[debug] [2023-05-03T15:25:05.872Z] Platform:      linux
[debug] [2023-05-03T15:25:05.872Z] Node Version:  v18.13.0
[debug] [2023-05-03T15:25:05.875Z] Time:          Wed May 03 2023 11:25:05 GMT-0400 (Venezuela Time)
[debug] [2023-05-03T15:25:05.876Z] ----------------------------------------------------------------------
[debug] 
[debug] [2023-05-03T15:25:06.034Z] > command requires scopes: ["email","openid","https://www.googleapis.com/auth/cloudplatformprojects.readonly","https://www.googleapis.com/auth/firebase","https://www.googleapis.com/auth/cloud-platform"]
[debug] [2023-05-03T15:25:06.035Z] > authorizing via signed-in user (stautodetailing.2023@gmail.com)
[info] 
     ######## #### ########  ######## ########     ###     ######  ########
     ##        ##  ##     ## ##       ##     ##  ##   ##  ##       ##
     ######    ##  ########  ######   ########  #########  ######  ######
     ##        ##  ##    ##  ##       ##     ## ##     ##       ## ##
     ##       #### ##     ## ######## ########  ##     ##  ######  ########

You're about to initialize a Firebase project in this directory:

  /mnt/c/Users/osuna/code/Silveti-Detailing

Before we get started, keep in mind:

  * You are currently outside your home directory
  * You are initializing within an existing Firebase project directory

[info] 
=== Project Setup
[info] 
[info] First, let's associate this project directory with a Firebase project.
[info] You can create multiple project aliases by running firebase use --add, 
[info] but for now we'll just set up a default project.
[info] 
[debug] [2023-05-03T15:25:06.056Z] Using project from CLI flag: st-auto-detailing
[debug] [2023-05-03T15:25:06.060Z] > refreshing access token with scopes: []
[debug] [2023-05-03T15:25:06.065Z] >>> [apiv2][query] POST https://www.googleapis.com/oauth2/v3/token [none]
[debug] [2023-05-03T15:25:06.065Z] >>> [apiv2][body] POST https://www.googleapis.com/oauth2/v3/token [omitted]
[debug] [2023-05-03T15:25:06.435Z] <<< [apiv2][status] POST https://www.googleapis.com/oauth2/v3/token 200
[debug] [2023-05-03T15:25:06.435Z] <<< [apiv2][body] POST https://www.googleapis.com/oauth2/v3/token [omitted]
[debug] [2023-05-03T15:25:06.473Z] >>> [apiv2][query] GET https://firebase.googleapis.com/v1beta1/projects/st-auto-detailing [none]
[debug] [2023-05-03T15:25:07.147Z] <<< [apiv2][status] GET https://firebase.googleapis.com/v1beta1/projects/st-auto-detailing 200
[debug] [2023-05-03T15:25:07.148Z] <<< [apiv2][body] GET https://firebase.googleapis.com/v1beta1/projects/st-auto-detailing {"projectId":"st-auto-detailing","projectNumber":"437157191407","displayName":"st-auto-detailing","name":"projects/st-auto-detailing","resources":{"hostingSite":"st-auto-detailing"},"state":"ACTIVE","etag":"1_76311ab5-cb7d-42a4-8fa1-d80f833e844e"}
[info] i  Using project st-auto-detailing (st-auto-detailing) 
[info] 
=== Hosting:github Setup
[info] 
[info] i  Detected a .git folder at /mnt/c/Users/osuna/code/Silveti-Detailing 
[info] i  Authorizing with GitHub to upload your service account to a GitHub repository's secrets store. 
[info] 
[info] Visit this URL on this device to log in:
[info] https://github.com/login/oauth/authorize?client_id=89cf50f02ac6aaed3484&state=770952776&redirect_uri=http%3A%2F%2Flocalhost%3A9005&scope=read%3Auser%20repo%20public_repo
[info] 
[info] Waiting for authentication...
[debug] [2023-05-03T15:25:25.284Z] >>> [apiv2][query] POST https://github.com/login/oauth/access_token [none]
[debug] [2023-05-03T15:25:25.292Z] >>> [apiv2][body] POST https://github.com/login/oauth/access_token [stream]
[debug] [2023-05-03T15:25:25.782Z] <<< [apiv2][status] POST https://github.com/login/oauth/access_token 200
[debug] [2023-05-03T15:25:25.783Z] <<< [apiv2][body] POST https://github.com/login/oauth/access_token {"access_token":"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","token_type":"bearer","scope":"read:user,repo"}
[debug] [2023-05-03T15:25:25.801Z] >>> [apiv2][query] GET https://api.github.com/user [none]
[debug] [2023-05-03T15:27:13.302Z] ----------------------------------------------------------------------
[debug] [2023-05-03T15:27:13.306Z] Command:       /usr/local/bin/node /usr/local/bin/firebase init hosting:github
[debug] [2023-05-03T15:27:13.307Z] CLI Version:   11.21.0
[debug] [2023-05-03T15:27:13.307Z] Platform:      linux
[debug] [2023-05-03T15:27:13.307Z] Node Version:  v18.13.0
[debug] [2023-05-03T15:27:13.308Z] Time:          Wed May 03 2023 11:27:13 GMT-0400 (Venezuela Time)
[debug] [2023-05-03T15:27:13.309Z] ----------------------------------------------------------------------
[debug] 
[debug] [2023-05-03T15:27:13.460Z] > command requires scopes: ["email","openid","https://www.googleapis.com/auth/cloudplatformprojects.readonly","https://www.googleapis.com/auth/firebase","https://www.googleapis.com/auth/cloud-platform"]
[debug] [2023-05-03T15:27:13.461Z] > authorizing via signed-in user (stautodetailing.2023@gmail.com)
[info] 
     ######## #### ########  ######## ########     ###     ######  ########
     ##        ##  ##     ## ##       ##     ##  ##   ##  ##       ##
     ######    ##  ########  ######   ########  #########  ######  ######
     ##        ##  ##    ##  ##       ##     ## ##     ##       ## ##
     ##       #### ##     ## ######## ########  ##     ##  ######  ########

You're about to initialize a Firebase project in this directory:

  /mnt/c/Users/osuna/code/Silveti-Detailing

Before we get started, keep in mind:

  * You are currently outside your home directory
  * You are initializing within an existing Firebase project directory

[info] 
=== Project Setup
[info] 
[info] First, let's associate this project directory with a Firebase project.
[info] You can create multiple project aliases by running firebase use --add, 
[info] but for now we'll just set up a default project.
[info] 
[debug] [2023-05-03T15:27:13.482Z] Using project from CLI flag: st-auto-detailing
[debug] [2023-05-03T15:27:13.488Z] >>> [apiv2][query] GET https://firebase.googleapis.com/v1beta1/projects/st-auto-detailing [none]
[debug] [2023-05-03T15:27:14.071Z] <<< [apiv2][status] GET https://firebase.googleapis.com/v1beta1/projects/st-auto-detailing 200
[debug] [2023-05-03T15:27:14.072Z] <<< [apiv2][body] GET https://firebase.googleapis.com/v1beta1/projects/st-auto-detailing {"projectId":"st-auto-detailing","projectNumber":"437157191407","displayName":"st-auto-detailing","name":"projects/st-auto-detailing","resources":{"hostingSite":"st-auto-detailing"},"state":"ACTIVE","etag":"1_76311ab5-cb7d-42a4-8fa1-d80f833e844e"}
[info] i  Using project st-auto-detailing (st-auto-detailing) 
[info] 
=== Hosting:github Setup
[info] 
[info] i  Detected a .git folder at /mnt/c/Users/osuna/code/Silveti-Detailing 
[info] i  Authorizing with GitHub to upload your service account to a GitHub repository's secrets store. 
[info] 
[info] Visit this URL on this device to log in:
[info] https://github.com/login/oauth/authorize?client_id=89cf50f02ac6aaed3484&state=1022147628&redirect_uri=http%3A%2F%2Flocalhost%3A9005&scope=read%3Auser%20repo%20public_repo
[info] 
[info] Waiting for authentication...
[debug] [2023-05-03T15:27:17.892Z] >>> [apiv2][query] POST https://github.com/login/oauth/access_token [none]
[debug] [2023-05-03T15:27:17.893Z] >>> [apiv2][body] POST https://github.com/login/oauth/access_token [stream]
[debug] [2023-05-03T15:27:18.318Z] <<< [apiv2][status] POST https://github.com/login/oauth/access_token 200
[debug] [2023-05-03T15:27:18.318Z] <<< [apiv2][body] POST https://github.com/login/oauth/access_token {"access_token":"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","token_type":"bearer","scope":"read:user,repo"}
[debug] [2023-05-03T15:27:18.329Z] >>> [apiv2][query] GET https://api.github.com/user [none]
[debug] [2023-05-03T15:27:18.827Z] <<< [apiv2][status] GET https://api.github.com/user 200
[debug] [2023-05-03T15:27:18.829Z] <<< [apiv2][body] GET https://api.github.com/user {"login":"ozzieclick","id":104664740,"node_id":"U_kgDOBj0OpA","avatar_url":"https://avatars.githubusercontent.com/u/104664740?v=4","gravatar_id":"","url":"https://api.github.com/users/ozzieclick","html_url":"https://github.com/ozzieclick","followers_url":"https://api.github.com/users/ozzieclick/followers","following_url":"https://api.github.com/users/ozzieclick/following{/other_user}","gists_url":"https://api.github.com/users/ozzieclick/gists{/gist_id}","starred_url":"https://api.github.com/users/ozzieclick/starred{/owner}{/repo}","subscriptions_url":"https://api.github.com/users/ozzieclick/subscriptions","organizations_url":"https://api.github.com/users/ozzieclick/orgs","repos_url":"https://api.github.com/users/ozzieclick/repos","events_url":"https://api.github.com/users/ozzieclick/events{/privacy}","received_events_url":"https://api.github.com/users/ozzieclick/received_events","type":"User","site_admin":false,"name":null,"company":null,"blog":"","location":null,"email":null,"hireable":null,"bio":null,"twitter_username":null,"public_repos":0,"public_gists":0,"followers":0,"following":0,"created_at":"2022-04-30T03:39:57Z","updated_at":"2023-05-03T13:51:52Z","private_gists":0,"total_private_repos":9,"owned_private_repos":9,"disk_usage":20537,"collaborators":0,"two_factor_authentication":false,"plan":{"name":"free","space":976562499,"collaborators":0,"private_repos":10000}}
[info] 
[info] ✔  Success! Logged into GitHub as ozzieclick 
[info] 
